{"C:\\Users\\ledy_\\Documents\\GetCoding\\Billsplit-backend\\src\\database\\contacts.ts": {"path":"C:\\Users\\ledy_\\Documents\\GetCoding\\Billsplit-backend\\src\\database\\contacts.ts","statementMap":{"0":{"start":{"line":2,"column":0},"end":{"line":2,"column":null}},"1":{"start":{"line":8,"column":0},"end":{"line":8,"column":71}},"2":{"start":{"line":9,"column":0},"end":{"line":9,"column":null}},"3":{"start":{"line":17,"column":12},"end":{"line":17,"column":55}},"4":{"start":{"line":18,"column":18},"end":{"line":18,"column":50}},"5":{"start":{"line":19,"column":18},"end":{"line":19,"column":35}},"6":{"start":{"line":22,"column":2},"end":{"line":31,"column":null}},"7":{"start":{"line":23,"column":20},"end":{"line":26,"column":6}},"8":{"start":{"line":27,"column":4},"end":{"line":27,"column":34}},"9":{"start":{"line":28,"column":4},"end":{"line":28,"column":19}},"10":{"start":{"line":30,"column":4},"end":{"line":30,"column":16}},"11":{"start":{"line":21,"column":0},"end":{"line":21,"column":7}},"12":{"start":{"line":35,"column":2},"end":{"line":64,"column":null}},"13":{"start":{"line":36,"column":20},"end":{"line":57,"column":6}},"14":{"start":{"line":59,"column":19},"end":{"line":59,"column":48}},"15":{"start":{"line":60,"column":4},"end":{"line":60,"column":40}},"16":{"start":{"line":62,"column":4},"end":{"line":62,"column":49}},"17":{"start":{"line":63,"column":4},"end":{"line":63,"column":16}},"18":{"start":{"line":34,"column":0},"end":{"line":34,"column":7}},"19":{"start":{"line":70,"column":17},"end":{"line":76,"column":4}},"20":{"start":{"line":78,"column":2},"end":{"line":83,"column":null}},"21":{"start":{"line":79,"column":20},"end":{"line":79,"column":45}},"22":{"start":{"line":80,"column":4},"end":{"line":80,"column":34}},"23":{"start":{"line":82,"column":4},"end":{"line":82,"column":16}},"24":{"start":{"line":66,"column":0},"end":{"line":66,"column":7}},"25":{"start":{"line":87,"column":17},"end":{"line":89,"column":4}},"26":{"start":{"line":91,"column":2},"end":{"line":97,"column":null}},"27":{"start":{"line":92,"column":20},"end":{"line":92,"column":43}},"28":{"start":{"line":93,"column":36},"end":{"line":93,"column":65}},"29":{"start":{"line":94,"column":4},"end":{"line":94,"column":43}},"30":{"start":{"line":96,"column":4},"end":{"line":96,"column":16}},"31":{"start":{"line":86,"column":0},"end":{"line":86,"column":7}},"32":{"start":{"line":104,"column":2},"end":{"line":124,"column":null}},"33":{"start":{"line":105,"column":19},"end":{"line":113,"column":6}},"34":{"start":{"line":114,"column":20},"end":{"line":114,"column":44}},"35":{"start":{"line":115,"column":37},"end":{"line":115,"column":66}},"36":{"start":{"line":117,"column":4},"end":{"line":121,"column":null}},"37":{"start":{"line":118,"column":6},"end":{"line":118,"column":38}},"38":{"start":{"line":120,"column":6},"end":{"line":120,"column":18}},"39":{"start":{"line":123,"column":4},"end":{"line":123,"column":16}},"40":{"start":{"line":100,"column":0},"end":{"line":100,"column":7}},"41":{"start":{"line":132,"column":2},"end":{"line":160,"column":null}},"42":{"start":{"line":133,"column":19},"end":{"line":141,"column":4}},"43":{"start":{"line":143,"column":2},"end":{"line":143,"column":63}},"44":{"start":{"line":145,"column":20},"end":{"line":145,"column":44}},"45":{"start":{"line":146,"column":37},"end":{"line":146,"column":66}},"46":{"start":{"line":148,"column":4},"end":{"line":148,"column":59}},"47":{"start":{"line":150,"column":4},"end":{"line":156,"column":null}},"48":{"start":{"line":151,"column":6},"end":{"line":151,"column":69}},"49":{"start":{"line":152,"column":6},"end":{"line":152,"column":38}},"50":{"start":{"line":154,"column":6},"end":{"line":154,"column":57}},"51":{"start":{"line":155,"column":6},"end":{"line":155,"column":18}},"52":{"start":{"line":158,"column":4},"end":{"line":158,"column":61}},"53":{"start":{"line":159,"column":4},"end":{"line":159,"column":16}},"54":{"start":{"line":127,"column":0},"end":{"line":127,"column":7}},"55":{"start":{"line":168,"column":2},"end":{"line":168,"column":76}},"56":{"start":{"line":170,"column":17},"end":{"line":190,"column":4}},"57":{"start":{"line":192,"column":2},"end":{"line":204,"column":null}},"58":{"start":{"line":193,"column":20},"end":{"line":193,"column":45}},"59":{"start":{"line":194,"column":22},"end":{"line":194,"column":51}},"60":{"start":{"line":195,"column":4},"end":{"line":195,"column":72}},"61":{"start":{"line":196,"column":4},"end":{"line":196,"column":38}},"62":{"start":{"line":198,"column":4},"end":{"line":198,"column":52}},"63":{"start":{"line":199,"column":4},"end":{"line":199,"column":67}},"64":{"start":{"line":200,"column":4},"end":{"line":200,"column":80}},"65":{"start":{"line":201,"column":4},"end":{"line":201,"column":78}},"66":{"start":{"line":203,"column":4},"end":{"line":203,"column":16}},"67":{"start":{"line":162,"column":0},"end":{"line":162,"column":7}}},"fnMap":{"0":{"name":"createContact","decl":{"start":{"line":21,"column":22},"end":{"line":21,"column":35}},"loc":{"start":{"line":21,"column":52},"end":{"line":32,"column":1}}},"1":{"name":"updateContact","decl":{"start":{"line":34,"column":22},"end":{"line":34,"column":35}},"loc":{"start":{"line":34,"column":52},"end":{"line":65,"column":1}}},"2":{"name":"deleteContact","decl":{"start":{"line":66,"column":22},"end":{"line":66,"column":35}},"loc":{"start":{"line":68,"column":16},"end":{"line":84,"column":1}}},"3":{"name":"listContacts","decl":{"start":{"line":86,"column":22},"end":{"line":86,"column":34}},"loc":{"start":{"line":86,"column":34},"end":{"line":98,"column":1}}},"4":{"name":"getContact","decl":{"start":{"line":100,"column":22},"end":{"line":100,"column":32}},"loc":{"start":{"line":102,"column":19},"end":{"line":125,"column":1}}},"5":{"name":"getExistingContactByEmail","decl":{"start":{"line":127,"column":22},"end":{"line":127,"column":47}},"loc":{"start":{"line":129,"column":19},"end":{"line":161,"column":1}}},"6":{"name":"updateExistingContact","decl":{"start":{"line":162,"column":22},"end":{"line":162,"column":43}},"loc":{"start":{"line":166,"column":3},"end":{"line":205,"column":1}}}},"branchMap":{"0":{"loc":{"start":{"line":94,"column":12},"end":{"line":94,"column":28}},"type":"binary-expr","locations":[{"start":{"line":94,"column":12},"end":{"line":94,"column":22}},{"start":{"line":94,"column":26},"end":{"line":94,"column":28}}]},"1":{"loc":{"start":{"line":117,"column":4},"end":{"line":121,"column":null}},"type":"if","locations":[{"start":{"line":117,"column":4},"end":{"line":121,"column":null}},{"start":{"line":119,"column":11},"end":{"line":121,"column":null}}]},"2":{"loc":{"start":{"line":117,"column":8},"end":{"line":117,"column":43}},"type":"binary-expr","locations":[{"start":{"line":117,"column":8},"end":{"line":117,"column":18}},{"start":{"line":117,"column":22},"end":{"line":117,"column":43}}]},"3":{"loc":{"start":{"line":150,"column":4},"end":{"line":156,"column":null}},"type":"if","locations":[{"start":{"line":150,"column":4},"end":{"line":156,"column":null}},{"start":{"line":153,"column":11},"end":{"line":156,"column":null}}]},"4":{"loc":{"start":{"line":150,"column":8},"end":{"line":150,"column":43}},"type":"binary-expr","locations":[{"start":{"line":150,"column":8},"end":{"line":150,"column":18}},{"start":{"line":150,"column":22},"end":{"line":150,"column":43}}]}},"s":{"0":1,"1":1,"2":1,"3":1,"4":1,"5":1,"6":2,"7":2,"8":2,"9":1,"10":1,"11":1,"12":2,"13":2,"14":2,"15":1,"16":1,"17":1,"18":1,"19":2,"20":2,"21":2,"22":2,"23":1,"24":1,"25":2,"26":2,"27":2,"28":2,"29":1,"30":1,"31":1,"32":2,"33":2,"34":2,"35":2,"36":1,"37":1,"38":0,"39":1,"40":1,"41":2,"42":2,"43":2,"44":2,"45":2,"46":1,"47":1,"48":1,"49":1,"50":0,"51":0,"52":1,"53":1,"54":1,"55":2,"56":2,"57":2,"58":2,"59":2,"60":1,"61":1,"62":1,"63":1,"64":1,"65":1,"66":1,"67":1},"f":{"0":2,"1":2,"2":2,"3":2,"4":2,"5":2,"6":2},"b":{"0":[1,0],"1":[1,0],"2":[1,1],"3":[1,0],"4":[1,1]}}
,"C:\\Users\\ledy_\\Documents\\GetCoding\\Billsplit-backend\\src\\database\\transactions.ts": {"path":"C:\\Users\\ledy_\\Documents\\GetCoding\\Billsplit-backend\\src\\database\\transactions.ts","statementMap":{"0":{"start":{"line":3,"column":0},"end":{"line":3,"column":71}},"1":{"start":{"line":5,"column":0},"end":{"line":5,"column":null}},"2":{"start":{"line":11,"column":12},"end":{"line":11,"column":55}},"3":{"start":{"line":12,"column":18},"end":{"line":12,"column":50}},"4":{"start":{"line":14,"column":18},"end":{"line":14,"column":32}},"5":{"start":{"line":19,"column":2},"end":{"line":29,"column":null}},"6":{"start":{"line":20,"column":20},"end":{"line":23,"column":6}},"7":{"start":{"line":24,"column":4},"end":{"line":24,"column":34}},"8":{"start":{"line":26,"column":4},"end":{"line":26,"column":23}},"9":{"start":{"line":28,"column":4},"end":{"line":28,"column":16}},"10":{"start":{"line":16,"column":0},"end":{"line":16,"column":7}},"11":{"start":{"line":33,"column":2},"end":{"line":44,"column":null}},"12":{"start":{"line":34,"column":19},"end":{"line":36,"column":6}},"13":{"start":{"line":38,"column":20},"end":{"line":38,"column":43}},"14":{"start":{"line":39,"column":17},"end":{"line":39,"column":46}},"15":{"start":{"line":41,"column":4},"end":{"line":41,"column":47}},"16":{"start":{"line":43,"column":4},"end":{"line":43,"column":16}},"17":{"start":{"line":32,"column":0},"end":{"line":32,"column":7}}},"fnMap":{"0":{"name":"createTransaction","decl":{"start":{"line":16,"column":22},"end":{"line":16,"column":39}},"loc":{"start":{"line":17,"column":26},"end":{"line":30,"column":1}}},"1":{"name":"listTransactions","decl":{"start":{"line":32,"column":22},"end":{"line":32,"column":38}},"loc":{"start":{"line":32,"column":38},"end":{"line":45,"column":1}}}},"branchMap":{"0":{"loc":{"start":{"line":41,"column":12},"end":{"line":41,"column":46}},"type":"binary-expr","locations":[{"start":{"line":41,"column":12},"end":{"line":41,"column":40}},{"start":{"line":41,"column":44},"end":{"line":41,"column":46}}]}},"s":{"0":1,"1":1,"2":1,"3":1,"4":1,"5":2,"6":2,"7":2,"8":1,"9":1,"10":1,"11":3,"12":3,"13":3,"14":3,"15":2,"16":1,"17":1},"f":{"0":2,"1":3},"b":{"0":[2,0]}}
}
