{"C:\\Users\\ledy_\\Documents\\GetCoding\\Billsplit-backend\\src\\database\\transactions.ts": {"path":"C:\\Users\\ledy_\\Documents\\GetCoding\\Billsplit-backend\\src\\database\\transactions.ts","statementMap":{"0":{"start":{"line":3,"column":0},"end":{"line":3,"column":71}},"1":{"start":{"line":5,"column":0},"end":{"line":5,"column":null}},"2":{"start":{"line":13,"column":12},"end":{"line":13,"column":55}},"3":{"start":{"line":14,"column":18},"end":{"line":14,"column":50}},"4":{"start":{"line":16,"column":18},"end":{"line":16,"column":32}},"5":{"start":{"line":19,"column":2},"end":{"line":29,"column":null}},"6":{"start":{"line":20,"column":20},"end":{"line":23,"column":6}},"7":{"start":{"line":24,"column":4},"end":{"line":24,"column":34}},"8":{"start":{"line":26,"column":4},"end":{"line":26,"column":23}},"9":{"start":{"line":28,"column":4},"end":{"line":28,"column":16}},"10":{"start":{"line":18,"column":0},"end":{"line":18,"column":7}},"11":{"start":{"line":33,"column":2},"end":{"line":57,"column":null}},"12":{"start":{"line":34,"column":45},"end":{"line":34,"column":56}},"13":{"start":{"line":36,"column":20},"end":{"line":50,"column":6}},"14":{"start":{"line":52,"column":19},"end":{"line":52,"column":48}},"15":{"start":{"line":54,"column":4},"end":{"line":54,"column":44}},"16":{"start":{"line":56,"column":4},"end":{"line":56,"column":16}},"17":{"start":{"line":32,"column":0},"end":{"line":32,"column":7}},"18":{"start":{"line":62,"column":19},"end":{"line":64,"column":6}},"19":{"start":{"line":66,"column":4},"end":{"line":72,"column":null}},"20":{"start":{"line":67,"column":24},"end":{"line":67,"column":47}},"21":{"start":{"line":68,"column":21},"end":{"line":68,"column":50}},"22":{"start":{"line":69,"column":8},"end":{"line":69,"column":49}},"23":{"start":{"line":71,"column":8},"end":{"line":71,"column":20}},"24":{"start":{"line":61,"column":0},"end":{"line":61,"column":7}}},"fnMap":{"0":{"name":"createTransaction","decl":{"start":{"line":18,"column":22},"end":{"line":18,"column":39}},"loc":{"start":{"line":18,"column":64},"end":{"line":30,"column":1}}},"1":{"name":"updateTransaction","decl":{"start":{"line":32,"column":22},"end":{"line":32,"column":39}},"loc":{"start":{"line":32,"column":64},"end":{"line":58,"column":1}}},"2":{"name":"listTransactions","decl":{"start":{"line":61,"column":22},"end":{"line":61,"column":38}},"loc":{"start":{"line":61,"column":38},"end":{"line":73,"column":3}}}},"branchMap":{"0":{"loc":{"start":{"line":69,"column":15},"end":{"line":69,"column":48}},"type":"binary-expr","locations":[{"start":{"line":69,"column":15},"end":{"line":69,"column":42}},{"start":{"line":69,"column":46},"end":{"line":69,"column":48}}]}},"s":{"0":1,"1":1,"2":1,"3":1,"4":1,"5":2,"6":2,"7":2,"8":1,"9":1,"10":1,"11":2,"12":2,"13":2,"14":2,"15":1,"16":1,"17":1,"18":2,"19":2,"20":2,"21":2,"22":1,"23":1,"24":1},"f":{"0":2,"1":2,"2":2},"b":{"0":[1,0]}}
}
