TN:
SF:src\database\contacts.ts
FN:21,createContact
FN:34,updateContact
FN:66,deleteContact
FN:86,listContacts
FN:100,getContact
FN:127,getExistingContactByEmail
FN:162,updateExistingContact
FNF:7
FNH:7
FNDA:2,createContact
FNDA:2,updateContact
FNDA:2,deleteContact
FNDA:2,listContacts
FNDA:2,getContact
FNDA:2,getExistingContactByEmail
FNDA:2,updateExistingContact
DA:2,1
DA:8,1
DA:9,1
DA:17,1
DA:18,1
DA:19,1
DA:21,1
DA:22,2
DA:23,2
DA:27,2
DA:28,1
DA:30,1
DA:34,1
DA:35,2
DA:36,2
DA:59,2
DA:60,1
DA:62,1
DA:63,1
DA:66,1
DA:70,2
DA:78,2
DA:79,2
DA:80,2
DA:82,1
DA:86,1
DA:87,2
DA:91,2
DA:92,2
DA:93,2
DA:94,1
DA:96,1
DA:100,1
DA:104,2
DA:105,2
DA:114,2
DA:115,2
DA:117,1
DA:118,1
DA:120,0
DA:123,1
DA:127,1
DA:132,2
DA:133,2
DA:143,2
DA:145,2
DA:146,2
DA:148,1
DA:150,1
DA:151,1
DA:152,1
DA:154,0
DA:155,0
DA:158,1
DA:159,1
DA:162,1
DA:168,2
DA:170,2
DA:192,2
DA:193,2
DA:194,2
DA:195,1
DA:196,1
DA:198,1
DA:199,1
DA:200,1
DA:201,1
DA:203,1
LF:68
LH:65
BRDA:94,0,0,1
BRDA:94,0,1,0
BRDA:117,1,0,1
BRDA:117,1,1,0
BRDA:117,2,0,1
BRDA:117,2,1,1
BRDA:150,3,0,1
BRDA:150,3,1,0
BRDA:150,4,0,1
BRDA:150,4,1,1
BRF:10
BRH:7
end_of_record
TN:
SF:src\database\transactions.ts
FN:16,createTransaction
FN:32,listTransactions
FNF:2
FNH:2
FNDA:2,createTransaction
FNDA:3,listTransactions
DA:3,1
DA:5,1
DA:11,1
DA:12,1
DA:14,1
DA:16,1
DA:19,2
DA:20,2
DA:24,2
DA:26,1
DA:28,1
DA:32,1
DA:33,3
DA:34,3
DA:38,3
DA:39,3
DA:41,2
DA:43,1
LF:18
LH:18
BRDA:41,0,0,2
BRDA:41,0,1,0
BRF:2
BRH:1
end_of_record
