TN:
SF:src\database\contacts.ts
FN:21,createContact
FN:34,updateContact
FN:66,deleteContact
FN:86,listContacts
FN:100,getContact
FN:128,getExistingContactByEmail
FN:162,updateExistingContact
FNF:7
FNH:7
FNDA:1,createContact
FNDA:1,updateContact
FNDA:1,deleteContact
FNDA:1,listContacts
FNDA:1,getContact
FNDA:1,getExistingContactByEmail
FNDA:1,updateExistingContact
DA:2,1
DA:8,1
DA:9,1
DA:17,1
DA:18,1
DA:19,1
DA:21,1
DA:22,1
DA:23,1
DA:27,1
DA:28,1
DA:30,0
DA:34,1
DA:35,1
DA:36,1
DA:59,1
DA:60,1
DA:62,0
DA:63,0
DA:66,1
DA:70,1
DA:78,1
DA:79,1
DA:80,1
DA:82,0
DA:86,1
DA:87,1
DA:91,1
DA:92,1
DA:93,1
DA:94,1
DA:96,0
DA:100,1
DA:104,1
DA:113,1
DA:114,1
DA:115,1
DA:117,1
DA:118,1
DA:120,0
DA:123,0
DA:128,1
DA:132,1
DA:142,1
DA:144,1
DA:145,1
DA:146,1
DA:148,1
DA:150,1
DA:151,1
DA:152,1
DA:154,0
DA:155,0
DA:158,0
DA:159,0
DA:162,1
DA:168,1
DA:170,1
DA:192,1
DA:193,1
DA:194,1
DA:195,1
DA:196,1
DA:198,0
DA:199,0
DA:200,0
DA:201,0
DA:203,0
LF:68
LH:52
BRDA:94,0,0,1
BRDA:94,0,1,0
BRDA:117,1,0,1
BRDA:117,1,1,0
BRDA:117,2,0,1
BRDA:117,2,1,1
BRDA:150,3,0,1
BRDA:150,3,1,0
BRDA:150,4,0,1
BRDA:150,4,1,1
BRF:10
BRH:7
end_of_record
TN:
SF:src\database\transactions.ts
FN:18,createTransaction
FN:32,updateTransaction
FN:61,listTransactions
FNF:3
FNH:3
FNDA:2,createTransaction
FNDA:2,updateTransaction
FNDA:2,listTransactions
DA:3,1
DA:5,1
DA:13,1
DA:14,1
DA:16,1
DA:18,1
DA:19,2
DA:20,2
DA:24,2
DA:26,1
DA:28,1
DA:32,1
DA:33,2
DA:34,2
DA:36,2
DA:52,2
DA:54,1
DA:56,1
DA:61,1
DA:62,2
DA:66,2
DA:67,2
DA:68,2
DA:69,1
DA:71,1
LF:25
LH:25
BRDA:69,0,0,1
BRDA:69,0,1,0
BRF:2
BRH:1
end_of_record
